<?xml version="1.0" encoding="UTF-8"?>
<testsuites name="Positive x Negative Test Cases" time="39.952" tests="2" failures="0" errors="0">
   <testsuite name="Positive x Negative Test Cases" tests="2" failures="0" errors="0" time="39.952" skipped="0" timestamp="22-01-2025T20:51:15" hostname="ACER - LAPTOP-5GQHVTHK" id="Test Suites/Positive x Negative Test Cases">
      <properties>
         <property name="deviceName" value=""/>
         <property name="devicePlatform"/>
         <property name="logFolder" value="C:\\Users\\ACER\\git\\KatalonGitSwagLabsNew\\Reports\\20250122_205103\\Positive x Negative Test Cases\\20250122_205110"/>
         <property name="logFiles" value="C:\\Users\\ACER\\git\\KatalonGitSwagLabsNew\\Reports\\20250122_205103\\Positive x Negative Test Cases\\20250122_205110\\execution0.log"/>
         <property name="attachments" value=""/>
         <property name="hostName" value="ACER - LAPTOP-5GQHVTHK"/>
         <property name="os" value="Windows 11 64bit"/>
         <property name="katalonVersion" value="9.5.0.217"/>
         <property name="browser" value="Chrome 131.0.0.0"/>
         <property name="hostAddress" value="192.168.0.101"/>
         <property name="sessionId" value="d166f3d61a319c00a6532efb217e5ff4"/>
         <property name="seleniumVersion" value="3.141.59"/>
         <property name="proxyInformation" value="ProxyInformation { proxyOption=NO_PROXY, proxyServerType=HTTP, username=, password=********, proxyServerAddress=, proxyServerPort=0, executionList=&quot;&quot;, isApplyToDesiredCapabilities=true }"/>
         <property name="platform" value="Windows 11"/>
      </properties>
      <testcase name="Test Cases/Negativce Cases - Failed Credential to Login SwagLabs" time="29.615" classname="Test Cases/Negativce Cases - Failed Credential to Login SwagLabs" status="PASSED">
         <system-out><![CDATA[22-01-2025T20:51:16 - [TEST_CASE][PASSED] - Test Cases/Negativce Cases - Failed Credential to Login SwagLabs: Test Cases/Negativce Cases - Failed Credential to Login SwagLabs

22-01-2025T20:51:16 - [TEST_STEP][PASSED] - openBrowser(""): Browser is opened with url: ''

22-01-2025T20:51:17 - [MESSAGE][INFO] - Starting 'Chrome' driver

22-01-2025T20:51:17 - [MESSAGE][INFO] - Action delay is set to 0 milliseconds

22-01-2025T20:51:21 - [MESSAGE][PASSED] - Browser is opened with url: ''

22-01-2025T20:51:21 - [TEST_STEP][PASSED] - navigateToUrl("https://www.saucedemo.com/"): Navigate to 'https://www.saucedemo.com/' successfully

22-01-2025T20:51:25 - [MESSAGE][PASSED] - Navigate to 'https://www.saucedemo.com/' successfully

22-01-2025T20:51:25 - [TEST_STEP][PASSED] - setText(findTestObject("Object Repository/Page_Swag Labs/input_Swag Labs_user-name"), "nitsha"): Text 'nitsha' is set on object 'Object Repository/Page_Swag Labs/input_Swag Labs_user-name'

22-01-2025T20:51:26 - [MESSAGE][PASSED] - Text 'nitsha' is set on object 'Object Repository/Page_Swag Labs/input_Swag Labs_user-name'

22-01-2025T20:51:26 - [TEST_STEP][PASSED] - setEncryptedText(findTestObject("Object Repository/Page_Swag Labs/input_Swag Labs_password"), "qcu24s4901FyWDTwXGr6XA=="): Text ****** has been set on object 'Object Repository/Page_Swag Labs/input_Swag Labs_password'

22-01-2025T20:51:26 - [MESSAGE][PASSED] - Text ****** has been set on object 'Object Repository/Page_Swag Labs/input_Swag Labs_password'

22-01-2025T20:51:26 - [TEST_STEP][PASSED] - click(findTestObject("Object Repository/Page_Swag Labs/input_Swag Labs_login-button")): Object: 'Object Repository/Page_Swag Labs/input_Swag Labs_login-button' is clicked on

22-01-2025T20:51:28 - [MESSAGE][PASSED] - Object: 'Object Repository/Page_Swag Labs/input_Swag Labs_login-button' is clicked on

22-01-2025T20:51:28 - [TEST_STEP][PASSED] - verifyTextPresent("Epic sadface: Username and password do not match any user in this service", false): Text 'Epic sadface: Username and password do not match any user in this service' is present on page 

22-01-2025T20:51:45 - [MESSAGE][PASSED] - Text 'Epic sadface: Username and password do not match any user in this service' is present on page 

22-01-2025T20:51:45 - [TEST_STEP][PASSED] - closeBrowser(): Browser is closed

22-01-2025T20:51:45 - [MESSAGE][PASSED] - Browser is closed]]></system-out>
         <system-err><![CDATA[]]></system-err>
      </testcase>
      <testcase name="Test Cases/Positive Cases - Login SwagLabs" time="10.061" classname="Test Cases/Positive Cases - Login SwagLabs" status="PASSED">
         <system-out><![CDATA[22-01-2025T20:51:45 - [TEST_CASE][PASSED] - Test Cases/Positive Cases - Login SwagLabs: Test Cases/Positive Cases - Login SwagLabs

22-01-2025T20:51:45 - [TEST_STEP][PASSED] - openBrowser(""): Browser is opened with url: ''

22-01-2025T20:51:45 - [MESSAGE][INFO] - Starting 'Chrome' driver

22-01-2025T20:51:45 - [MESSAGE][INFO] - Action delay is set to 0 milliseconds

22-01-2025T20:51:48 - [MESSAGE][PASSED] - Browser is opened with url: ''

22-01-2025T20:51:48 - [TEST_STEP][PASSED] - navigateToUrl("https://www.saucedemo.com/"): Navigate to 'https://www.saucedemo.com/' successfully

22-01-2025T20:51:51 - [MESSAGE][PASSED] - Navigate to 'https://www.saucedemo.com/' successfully

22-01-2025T20:51:51 - [TEST_STEP][PASSED] - setText(findTestObject("Object Repository/Page_Swag Labs/input_Swag Labs_user-name"), "standard_user"): Text 'standard_user' is set on object 'Object Repository/Page_Swag Labs/input_Swag Labs_user-name'

22-01-2025T20:51:54 - [MESSAGE][PASSED] - Text 'standard_user' is set on object 'Object Repository/Page_Swag Labs/input_Swag Labs_user-name'

22-01-2025T20:51:54 - [TEST_STEP][PASSED] - setEncryptedText(findTestObject("Object Repository/Page_Swag Labs/input_Swag Labs_password"), "qcu24s4901FyWDTwXGr6XA=="): Text ****** has been set on object 'Object Repository/Page_Swag Labs/input_Swag Labs_password'

22-01-2025T20:51:54 - [MESSAGE][PASSED] - Text ****** has been set on object 'Object Repository/Page_Swag Labs/input_Swag Labs_password'

22-01-2025T20:51:54 - [TEST_STEP][PASSED] - click(findTestObject("Object Repository/Page_Swag Labs/input_Swag Labs_login-button")): Object: 'Object Repository/Page_Swag Labs/input_Swag Labs_login-button' is clicked on

22-01-2025T20:51:54 - [MESSAGE][PASSED] - Object: 'Object Repository/Page_Swag Labs/input_Swag Labs_login-button' is clicked on

22-01-2025T20:51:54 - [TEST_STEP][PASSED] - verifyTextPresent("Products", false): Text 'Products' is present on page 

22-01-2025T20:51:55 - [MESSAGE][PASSED] - Text 'Products' is present on page 

22-01-2025T20:51:55 - [TEST_STEP][PASSED] - closeBrowser(): Browser is closed

22-01-2025T20:51:55 - [MESSAGE][PASSED] - Browser is closed]]></system-out>
         <system-err><![CDATA[]]></system-err>
      </testcase>
      <system-out><![CDATA[22-01-2025T20:51:15 - [TEST_SUITE][PASSED] - Positive x Negative Test Cases: Test Cases/Positive Cases - Login SwagLabs]]></system-out>
      <system-err><![CDATA[]]></system-err>
   </testsuite>
</testsuites>
