<?xml version="1.0" encoding="UTF-8"?>
<testsuites name="Positive x Negative Test Cases" time="36.843" tests="2" failures="0" errors="0">
   <testsuite name="Positive x Negative Test Cases" tests="2" failures="0" errors="0" time="36.843" skipped="0" timestamp="22-01-2025T20:46:12" hostname="ACER - LAPTOP-5GQHVTHK" id="Test Suites/Positive x Negative Test Cases">
      <properties>
         <property name="deviceName" value=""/>
         <property name="devicePlatform"/>
         <property name="logFolder" value="C:\\Users\\ACER\\git\\KatalonGitSwagLabsNew\\Reports\\20250122_204558\\Positive x Negative Test Cases\\20250122_204605"/>
         <property name="logFiles" value="C:\\Users\\ACER\\git\\KatalonGitSwagLabsNew\\Reports\\20250122_204558\\Positive x Negative Test Cases\\20250122_204605\\execution0.log"/>
         <property name="attachments" value=""/>
         <property name="hostName" value="ACER - LAPTOP-5GQHVTHK"/>
         <property name="os" value="Windows 11 64bit"/>
         <property name="katalonVersion" value="9.5.0.217"/>
         <property name="browser" value="Chrome 131.0.0.0"/>
         <property name="hostAddress" value="192.168.0.101"/>
         <property name="sessionId" value="42d0e68114946a7407e10c1c5abd90d4"/>
         <property name="seleniumVersion" value="3.141.59"/>
         <property name="proxyInformation" value="ProxyInformation { proxyOption=NO_PROXY, proxyServerType=HTTP, username=, password=********, proxyServerAddress=, proxyServerPort=0, executionList=&quot;&quot;, isApplyToDesiredCapabilities=true }"/>
         <property name="platform" value="Windows 11"/>
      </properties>
      <testcase name="Test Cases/Negativce Cases - Failed Credential to Login SwagLabs" time="30.823" classname="Test Cases/Negativce Cases - Failed Credential to Login SwagLabs" status="PASSED">
         <system-out><![CDATA[22-01-2025T20:46:12 - [TEST_CASE][PASSED] - Test Cases/Negativce Cases - Failed Credential to Login SwagLabs: Test Cases/Negativce Cases - Failed Credential to Login SwagLabs

22-01-2025T20:46:12 - [TEST_STEP][PASSED] - openBrowser(""): Browser is opened with url: ''

22-01-2025T20:46:12 - [MESSAGE][INFO] - Starting 'Chrome' driver

22-01-2025T20:46:13 - [MESSAGE][INFO] - Action delay is set to 0 milliseconds

22-01-2025T20:46:18 - [MESSAGE][PASSED] - Browser is opened with url: ''

22-01-2025T20:46:18 - [TEST_STEP][PASSED] - navigateToUrl("https://www.saucedemo.com/"): Navigate to 'https://www.saucedemo.com/' successfully

22-01-2025T20:46:24 - [MESSAGE][PASSED] - Navigate to 'https://www.saucedemo.com/' successfully

22-01-2025T20:46:24 - [TEST_STEP][PASSED] - setText(findTestObject("Object Repository/Page_Swag Labs/input_Swag Labs_user-name"), "nitsha"): Text 'nitsha' is set on object 'Object Repository/Page_Swag Labs/input_Swag Labs_user-name'

22-01-2025T20:46:26 - [MESSAGE][PASSED] - Text 'nitsha' is set on object 'Object Repository/Page_Swag Labs/input_Swag Labs_user-name'

22-01-2025T20:46:26 - [TEST_STEP][PASSED] - setEncryptedText(findTestObject("Object Repository/Page_Swag Labs/input_Swag Labs_password"), "qcu24s4901FyWDTwXGr6XA=="): Text ****** has been set on object 'Object Repository/Page_Swag Labs/input_Swag Labs_password'

22-01-2025T20:46:27 - [MESSAGE][PASSED] - Text ****** has been set on object 'Object Repository/Page_Swag Labs/input_Swag Labs_password'

22-01-2025T20:46:27 - [TEST_STEP][PASSED] - click(findTestObject("Object Repository/Page_Swag Labs/input_Swag Labs_login-button")): Object: 'Object Repository/Page_Swag Labs/input_Swag Labs_login-button' is clicked on

22-01-2025T20:46:27 - [MESSAGE][PASSED] - Object: 'Object Repository/Page_Swag Labs/input_Swag Labs_login-button' is clicked on

22-01-2025T20:46:27 - [TEST_STEP][PASSED] - verifyTextPresent("Epic sadface: Username and password do not match any user in this service", false): Text 'Epic sadface: Username and password do not match any user in this service' is present on page 

22-01-2025T20:46:42 - [MESSAGE][PASSED] - Text 'Epic sadface: Username and password do not match any user in this service' is present on page 

22-01-2025T20:46:42 - [TEST_STEP][PASSED] - closeBrowser(): Browser is closed

22-01-2025T20:46:43 - [MESSAGE][PASSED] - Browser is closed]]></system-out>
         <system-err><![CDATA[]]></system-err>
      </testcase>
      <testcase name="Test Cases/Positive Cases - Login SwagLabs" time="5.805" classname="Test Cases/Positive Cases - Login SwagLabs" status="PASSED">
         <system-out><![CDATA[22-01-2025T20:46:43 - [TEST_CASE][PASSED] - Test Cases/Positive Cases - Login SwagLabs: Test Cases/Positive Cases - Login SwagLabs

22-01-2025T20:46:43 - [TEST_STEP][PASSED] - openBrowser(""): Browser is opened with url: ''

22-01-2025T20:46:43 - [MESSAGE][INFO] - Starting 'Chrome' driver

22-01-2025T20:46:43 - [MESSAGE][INFO] - Action delay is set to 0 milliseconds

22-01-2025T20:46:44 - [MESSAGE][PASSED] - Browser is opened with url: ''

22-01-2025T20:46:44 - [TEST_STEP][PASSED] - navigateToUrl("https://www.saucedemo.com/"): Navigate to 'https://www.saucedemo.com/' successfully

22-01-2025T20:46:45 - [MESSAGE][PASSED] - Navigate to 'https://www.saucedemo.com/' successfully

22-01-2025T20:46:45 - [TEST_STEP][PASSED] - setText(findTestObject("Object Repository/Page_Swag Labs/input_Swag Labs_user-name"), "standard_user"): Text 'standard_user' is set on object 'Object Repository/Page_Swag Labs/input_Swag Labs_user-name'

22-01-2025T20:46:47 - [MESSAGE][PASSED] - Text 'standard_user' is set on object 'Object Repository/Page_Swag Labs/input_Swag Labs_user-name'

22-01-2025T20:46:47 - [TEST_STEP][PASSED] - setEncryptedText(findTestObject("Object Repository/Page_Swag Labs/input_Swag Labs_password"), "qcu24s4901FyWDTwXGr6XA=="): Text ****** has been set on object 'Object Repository/Page_Swag Labs/input_Swag Labs_password'

22-01-2025T20:46:47 - [MESSAGE][PASSED] - Text ****** has been set on object 'Object Repository/Page_Swag Labs/input_Swag Labs_password'

22-01-2025T20:46:47 - [TEST_STEP][PASSED] - click(findTestObject("Object Repository/Page_Swag Labs/input_Swag Labs_login-button")): Object: 'Object Repository/Page_Swag Labs/input_Swag Labs_login-button' is clicked on

22-01-2025T20:46:48 - [MESSAGE][PASSED] - Object: 'Object Repository/Page_Swag Labs/input_Swag Labs_login-button' is clicked on

22-01-2025T20:46:48 - [TEST_STEP][PASSED] - verifyTextPresent("Products", false): Text 'Products' is present on page 

22-01-2025T20:46:48 - [MESSAGE][PASSED] - Text 'Products' is present on page 

22-01-2025T20:46:48 - [TEST_STEP][PASSED] - closeBrowser(): Browser is closed

22-01-2025T20:46:49 - [MESSAGE][PASSED] - Browser is closed]]></system-out>
         <system-err><![CDATA[]]></system-err>
      </testcase>
      <system-out><![CDATA[22-01-2025T20:46:12 - [TEST_SUITE][PASSED] - Positive x Negative Test Cases: Test Cases/Positive Cases - Login SwagLabs]]></system-out>
      <system-err><![CDATA[]]></system-err>
   </testsuite>
</testsuites>
